EDA Netlist Writer report for miniproject_1024
Wed Sep 07 10:02:39 2022
Quartus Prime Version 18.1.0 Build 625 09/12/2018 SJ Lite Edition


---------------------
; Table of Contents ;
---------------------
  1. Legal Notice
  2. EDA Netlist Writer Summary
  3. EDA Netlist Writer Messages



----------------
; Legal Notice ;
----------------
Copyright (C) 2018  Intel Corporation. All rights reserved.
Your use of Intel Corporation's design tools, logic functions 
and other software and tools, and its AMPP partner logic 
functions, and any output files from any of the foregoing 
(including device programming or simulation files), and any 
associated documentation or information are expressly subject 
to the terms and conditions of the Intel Program License 
Subscription Agreement, the Intel Quartus Prime License Agreement,
the Intel FPGA IP License Agreement, or other applicable license
agreement, including, without limitation, that your use is for
the sole purpose of programming logic devices manufactured by
Intel and sold by Intel or its authorized distributors.  Please
refer to the applicable agreement for further details.



+---------------------------------------------------------------+
; EDA Netlist Writer Summary                                    ;
+---------------------------+-----------------------------------+
; EDA Netlist Writer Status ; Failed - Wed Sep 07 10:02:39 2022 ;
; Revision Name             ; miniproject_1024                  ;
; Top-level Entity Name     ; miniproject_1024                  ;
; Family                    ; Cyclone IV E                      ;
+---------------------------+-----------------------------------+


+-----------------------------+
; EDA Netlist Writer Messages ;
+-----------------------------+
Info: *******************************************************************
Info: Running Quartus Prime EDA Netlist Writer
    Info: Version 18.1.0 Build 625 09/12/2018 SJ Lite Edition
    Info: Processing started: Wed Sep 07 10:02:35 2022
Info: Command: quartus_eda --read_settings_files=off --write_settings_files=off miniproject_1024 -c miniproject_1024
Warning (18236): Number of processors has not been specified which may cause overloading on shared machines.  Set the global assignment NUM_PARALLEL_PROCESSORS in your QSF to an appropriate value for best performance.
Error (204012): Can't generate netlist output files because the file "C:/intelFPGA_lite/18.1/miniproject_1024/fft/synthesis/submodules/altera_fft_dual_port_ram.vhd" is an OpenCore Plus time-limited file. Remove the unlicensed cores or obtain a license for those OpenCore Plus time-limited IP cores used in the design. The Intel FPGA Knowledge Database contains many articles with specific details on how to resolve this error. Visit the Knowledge Database at https://www.altera.com/support/support-resources/knowledge-base/search.html and search for this specific error message number.
Error (204012): Can't generate netlist output files because the file "C:/intelFPGA_lite/18.1/miniproject_1024/fft/synthesis/submodules/auk_dspip_r22sdf_bf_control.vhd" is an OpenCore Plus time-limited file. Remove the unlicensed cores or obtain a license for those OpenCore Plus time-limited IP cores used in the design. The Intel FPGA Knowledge Database contains many articles with specific details on how to resolve this error. Visit the Knowledge Database at https://www.altera.com/support/support-resources/knowledge-base/search.html and search for this specific error message number.
Error (204012): Can't generate netlist output files because the file "C:/intelFPGA_lite/18.1/miniproject_1024/fft/synthesis/submodules/auk_dspip_bit_reverse_reverse_carry_adder.vhd" is an OpenCore Plus time-limited file. Remove the unlicensed cores or obtain a license for those OpenCore Plus time-limited IP cores used in the design. The Intel FPGA Knowledge Database contains many articles with specific details on how to resolve this error. Visit the Knowledge Database at https://www.altera.com/support/support-resources/knowledge-base/search.html and search for this specific error message number.
Error (204012): Can't generate netlist output files because the file "C:/intelFPGA_lite/18.1/miniproject_1024/fft/synthesis/submodules/auk_dspip_r22sdf_cma.vhd" is an OpenCore Plus time-limited file. Remove the unlicensed cores or obtain a license for those OpenCore Plus time-limited IP cores used in the design. The Intel FPGA Knowledge Database contains many articles with specific details on how to resolve this error. Visit the Knowledge Database at https://www.altera.com/support/support-resources/knowledge-base/search.html and search for this specific error message number.
Error (204012): Can't generate netlist output files because the file "C:/intelFPGA_lite/18.1/miniproject_1024/fft/synthesis/submodules/auk_dspip_r22sdf_bfi.vhd" is an OpenCore Plus time-limited file. Remove the unlicensed cores or obtain a license for those OpenCore Plus time-limited IP cores used in the design. The Intel FPGA Knowledge Database contains many articles with specific details on how to resolve this error. Visit the Knowledge Database at https://www.altera.com/support/support-resources/knowledge-base/search.html and search for this specific error message number.
Error (204012): Can't generate netlist output files because the file "C:/intelFPGA_lite/18.1/miniproject_1024/fft/synthesis/submodules/auk_dspip_bit_reverse_core.vhd" is an OpenCore Plus time-limited file. Remove the unlicensed cores or obtain a license for those OpenCore Plus time-limited IP cores used in the design. The Intel FPGA Knowledge Database contains many articles with specific details on how to resolve this error. Visit the Knowledge Database at https://www.altera.com/support/support-resources/knowledge-base/search.html and search for this specific error message number.
Error (204012): Can't generate netlist output files because the file "C:/intelFPGA_lite/18.1/miniproject_1024/fft/synthesis/submodules/auk_dspip_r22sdf_counter.vhd" is an OpenCore Plus time-limited file. Remove the unlicensed cores or obtain a license for those OpenCore Plus time-limited IP cores used in the design. The Intel FPGA Knowledge Database contains many articles with specific details on how to resolve this error. Visit the Knowledge Database at https://www.altera.com/support/support-resources/knowledge-base/search.html and search for this specific error message number.
Error (204012): Can't generate netlist output files because the file "C:/intelFPGA_lite/18.1/miniproject_1024/fft/synthesis/submodules/auk_dspip_r22sdf_addsub.vhd" is an OpenCore Plus time-limited file. Remove the unlicensed cores or obtain a license for those OpenCore Plus time-limited IP cores used in the design. The Intel FPGA Knowledge Database contains many articles with specific details on how to resolve this error. Visit the Knowledge Database at https://www.altera.com/support/support-resources/knowledge-base/search.html and search for this specific error message number.
Error (204012): Can't generate netlist output files because the file "C:/intelFPGA_lite/18.1/miniproject_1024/fft/synthesis/submodules/altera_fft_mult_add.vhd" is an OpenCore Plus time-limited file. Remove the unlicensed cores or obtain a license for those OpenCore Plus time-limited IP cores used in the design. The Intel FPGA Knowledge Database contains many articles with specific details on how to resolve this error. Visit the Knowledge Database at https://www.altera.com/support/support-resources/knowledge-base/search.html and search for this specific error message number.
Error (204012): Can't generate netlist output files because the file "C:/intelFPGA_lite/18.1/miniproject_1024/fft/synthesis/submodules/auk_dspip_r22sdf_bfii.vhd" is an OpenCore Plus time-limited file. Remove the unlicensed cores or obtain a license for those OpenCore Plus time-limited IP cores used in the design. The Intel FPGA Knowledge Database contains many articles with specific details on how to resolve this error. Visit the Knowledge Database at https://www.altera.com/support/support-resources/knowledge-base/search.html and search for this specific error message number.
Error (204012): Can't generate netlist output files because the file "C:/intelFPGA_lite/18.1/miniproject_1024/fft/synthesis/submodules/hyper_opt_OFF_pkg.vhd" is an OpenCore Plus time-limited file. Remove the unlicensed cores or obtain a license for those OpenCore Plus time-limited IP cores used in the design. The Intel FPGA Knowledge Database contains many articles with specific details on how to resolve this error. Visit the Knowledge Database at https://www.altera.com/support/support-resources/knowledge-base/search.html and search for this specific error message number.
Error (204012): Can't generate netlist output files because the file "C:/intelFPGA_lite/18.1/miniproject_1024/fft/synthesis/submodules/auk_dspip_avalon_streaming_block_sink.vhd" is an OpenCore Plus time-limited file. Remove the unlicensed cores or obtain a license for those OpenCore Plus time-limited IP cores used in the design. The Intel FPGA Knowledge Database contains many articles with specific details on how to resolve this error. Visit the Knowledge Database at https://www.altera.com/support/support-resources/knowledge-base/search.html and search for this specific error message number.
Error (204012): Can't generate netlist output files because the file "C:/intelFPGA_lite/18.1/miniproject_1024/fft/synthesis/submodules/auk_dspip_r22sdf_core.vhd" is an OpenCore Plus time-limited file. Remove the unlicensed cores or obtain a license for those OpenCore Plus time-limited IP cores used in the design. The Intel FPGA Knowledge Database contains many articles with specific details on how to resolve this error. Visit the Knowledge Database at https://www.altera.com/support/support-resources/knowledge-base/search.html and search for this specific error message number.
Error (204012): Can't generate netlist output files because the file "C:/intelFPGA_lite/18.1/miniproject_1024/fft/synthesis/submodules/auk_dspip_r22sdf_enable_control.vhd" is an OpenCore Plus time-limited file. Remove the unlicensed cores or obtain a license for those OpenCore Plus time-limited IP cores used in the design. The Intel FPGA Knowledge Database contains many articles with specific details on how to resolve this error. Visit the Knowledge Database at https://www.altera.com/support/support-resources/knowledge-base/search.html and search for this specific error message number.
Error (204012): Can't generate netlist output files because the file "C:/intelFPGA_lite/18.1/miniproject_1024/fft/synthesis/submodules/auk_dspip_bit_reverse_addr_control.vhd" is an OpenCore Plus time-limited file. Remove the unlicensed cores or obtain a license for those OpenCore Plus time-limited IP cores used in the design. The Intel FPGA Knowledge Database contains many articles with specific details on how to resolve this error. Visit the Knowledge Database at https://www.altera.com/support/support-resources/knowledge-base/search.html and search for this specific error message number.
Error (204012): Can't generate netlist output files because the file "C:/intelFPGA_lite/18.1/miniproject_1024/fft/synthesis/submodules/auk_dspip_r22sdf_delay.vhd" is an OpenCore Plus time-limited file. Remove the unlicensed cores or obtain a license for those OpenCore Plus time-limited IP cores used in the design. The Intel FPGA Knowledge Database contains many articles with specific details on how to resolve this error. Visit the Knowledge Database at https://www.altera.com/support/support-resources/knowledge-base/search.html and search for this specific error message number.
Error (204012): Can't generate netlist output files because the file "C:/intelFPGA_lite/18.1/miniproject_1024/fft/synthesis/submodules/auk_dspip_r22sdf_twrom.vhd" is an OpenCore Plus time-limited file. Remove the unlicensed cores or obtain a license for those OpenCore Plus time-limited IP cores used in the design. The Intel FPGA Knowledge Database contains many articles with specific details on how to resolve this error. Visit the Knowledge Database at https://www.altera.com/support/support-resources/knowledge-base/search.html and search for this specific error message number.
Error (204012): Can't generate netlist output files because the file "C:/intelFPGA_lite/18.1/miniproject_1024/fft/synthesis/submodules/auk_dspip_r22sdf_top.vhd" is an OpenCore Plus time-limited file. Remove the unlicensed cores or obtain a license for those OpenCore Plus time-limited IP cores used in the design. The Intel FPGA Knowledge Database contains many articles with specific details on how to resolve this error. Visit the Knowledge Database at https://www.altera.com/support/support-resources/knowledge-base/search.html and search for this specific error message number.
Error (204012): Can't generate netlist output files because the file "C:/intelFPGA_lite/18.1/miniproject_1024/fft/synthesis/submodules/auk_dspip_r22sdf_stg_pipe.vhd" is an OpenCore Plus time-limited file. Remove the unlicensed cores or obtain a license for those OpenCore Plus time-limited IP cores used in the design. The Intel FPGA Knowledge Database contains many articles with specific details on how to resolve this error. Visit the Knowledge Database at https://www.altera.com/support/support-resources/knowledge-base/search.html and search for this specific error message number.
Error (204012): Can't generate netlist output files because the file "C:/intelFPGA_lite/18.1/miniproject_1024/fft/synthesis/submodules/auk_dspip_r22sdf_stage.vhd" is an OpenCore Plus time-limited file. Remove the unlicensed cores or obtain a license for those OpenCore Plus time-limited IP cores used in the design. The Intel FPGA Knowledge Database contains many articles with specific details on how to resolve this error. Visit the Knowledge Database at https://www.altera.com/support/support-resources/knowledge-base/search.html and search for this specific error message number.
Error (204012): Can't generate netlist output files because the file "C:/intelFPGA_lite/18.1/miniproject_1024/fft/synthesis/submodules/auk_dspip_avalon_streaming_block_source.vhd" is an OpenCore Plus time-limited file. Remove the unlicensed cores or obtain a license for those OpenCore Plus time-limited IP cores used in the design. The Intel FPGA Knowledge Database contains many articles with specific details on how to resolve this error. Visit the Knowledge Database at https://www.altera.com/support/support-resources/knowledge-base/search.html and search for this specific error message number.
Error (204012): Can't generate netlist output files because the file "C:/intelFPGA_lite/18.1/miniproject_1024/fft/synthesis/submodules/altera_fft_single_port_rom.vhd" is an OpenCore Plus time-limited file. Remove the unlicensed cores or obtain a license for those OpenCore Plus time-limited IP cores used in the design. The Intel FPGA Knowledge Database contains many articles with specific details on how to resolve this error. Visit the Knowledge Database at https://www.altera.com/support/support-resources/knowledge-base/search.html and search for this specific error message number.
Error (204012): Can't generate netlist output files because the file "C:/intelFPGA_lite/18.1/miniproject_1024/fft/synthesis/submodules/auk_dspip_r22sdf_lib_pkg.vhd" is an OpenCore Plus time-limited file. Remove the unlicensed cores or obtain a license for those OpenCore Plus time-limited IP cores used in the design. The Intel FPGA Knowledge Database contains many articles with specific details on how to resolve this error. Visit the Knowledge Database at https://www.altera.com/support/support-resources/knowledge-base/search.html and search for this specific error message number.
Error (204012): Can't generate netlist output files because the file "C:/intelFPGA_lite/18.1/miniproject_1024/fft/synthesis/submodules/counter_module.sv" is an OpenCore Plus time-limited file. Remove the unlicensed cores or obtain a license for those OpenCore Plus time-limited IP cores used in the design. The Intel FPGA Knowledge Database contains many articles with specific details on how to resolve this error. Visit the Knowledge Database at https://www.altera.com/support/support-resources/knowledge-base/search.html and search for this specific error message number.
Error (204009): Can't generate netlist output files because the license for encrypted file "C:/intelFPGA_lite/18.1/miniproject_1024/fft/synthesis/submodules/altera_fft_dual_port_ram.vhd" is not available
Error (204009): Can't generate netlist output files because the license for encrypted file "C:/intelFPGA_lite/18.1/miniproject_1024/fft/synthesis/submodules/auk_dspip_r22sdf_bf_control.vhd" is not available
Error (204009): Can't generate netlist output files because the license for encrypted file "C:/intelFPGA_lite/18.1/miniproject_1024/fft/synthesis/submodules/auk_dspip_bit_reverse_reverse_carry_adder.vhd" is not available
Error (204009): Can't generate netlist output files because the license for encrypted file "C:/intelFPGA_lite/18.1/miniproject_1024/fft/synthesis/submodules/auk_dspip_r22sdf_cma.vhd" is not available
Error (204009): Can't generate netlist output files because the license for encrypted file "C:/intelFPGA_lite/18.1/miniproject_1024/fft/synthesis/submodules/auk_dspip_r22sdf_bfi.vhd" is not available
Error (204009): Can't generate netlist output files because the license for encrypted file "C:/intelFPGA_lite/18.1/miniproject_1024/fft/synthesis/submodules/auk_dspip_bit_reverse_core.vhd" is not available
Error (204009): Can't generate netlist output files because the license for encrypted file "C:/intelFPGA_lite/18.1/miniproject_1024/fft/synthesis/submodules/auk_dspip_r22sdf_counter.vhd" is not available
Error (204009): Can't generate netlist output files because the license for encrypted file "C:/intelFPGA_lite/18.1/miniproject_1024/fft/synthesis/submodules/auk_dspip_r22sdf_addsub.vhd" is not available
Error (204009): Can't generate netlist output files because the license for encrypted file "C:/intelFPGA_lite/18.1/miniproject_1024/fft/synthesis/submodules/altera_fft_mult_add.vhd" is not available
Error (204009): Can't generate netlist output files because the license for encrypted file "C:/intelFPGA_lite/18.1/miniproject_1024/fft/synthesis/submodules/auk_dspip_r22sdf_bfii.vhd" is not available
Error (204009): Can't generate netlist output files because the license for encrypted file "C:/intelFPGA_lite/18.1/miniproject_1024/fft/synthesis/submodules/hyper_opt_OFF_pkg.vhd" is not available
Error (204009): Can't generate netlist output files because the license for encrypted file "C:/intelFPGA_lite/18.1/miniproject_1024/fft/synthesis/submodules/auk_dspip_avalon_streaming_block_sink.vhd" is not available
Error (204009): Can't generate netlist output files because the license for encrypted file "C:/intelFPGA_lite/18.1/miniproject_1024/fft/synthesis/submodules/auk_dspip_r22sdf_core.vhd" is not available
Error (204009): Can't generate netlist output files because the license for encrypted file "C:/intelFPGA_lite/18.1/miniproject_1024/fft/synthesis/submodules/auk_dspip_r22sdf_enable_control.vhd" is not available
Error (204009): Can't generate netlist output files because the license for encrypted file "C:/intelFPGA_lite/18.1/miniproject_1024/fft/synthesis/submodules/auk_dspip_bit_reverse_addr_control.vhd" is not available
Error (204009): Can't generate netlist output files because the license for encrypted file "C:/intelFPGA_lite/18.1/miniproject_1024/fft/synthesis/submodules/auk_dspip_r22sdf_delay.vhd" is not available
Error (204009): Can't generate netlist output files because the license for encrypted file "C:/intelFPGA_lite/18.1/miniproject_1024/fft/synthesis/submodules/auk_dspip_r22sdf_twrom.vhd" is not available
Error (204009): Can't generate netlist output files because the license for encrypted file "C:/intelFPGA_lite/18.1/miniproject_1024/fft/synthesis/submodules/auk_dspip_r22sdf_top.vhd" is not available
Error (204009): Can't generate netlist output files because the license for encrypted file "C:/intelFPGA_lite/18.1/miniproject_1024/fft/synthesis/submodules/auk_dspip_r22sdf_stg_pipe.vhd" is not available
Error (204009): Can't generate netlist output files because the license for encrypted file "C:/intelFPGA_lite/18.1/miniproject_1024/fft/synthesis/submodules/auk_dspip_r22sdf_stage.vhd" is not available
Error (204009): Can't generate netlist output files because the license for encrypted file "C:/intelFPGA_lite/18.1/miniproject_1024/fft/synthesis/submodules/auk_dspip_avalon_streaming_block_source.vhd" is not available
Error (204009): Can't generate netlist output files because the license for encrypted file "C:/intelFPGA_lite/18.1/miniproject_1024/fft/synthesis/submodules/altera_fft_single_port_rom.vhd" is not available
Error (204009): Can't generate netlist output files because the license for encrypted file "C:/intelFPGA_lite/18.1/miniproject_1024/fft/synthesis/submodules/auk_dspip_r22sdf_lib_pkg.vhd" is not available
Error (204009): Can't generate netlist output files because the license for encrypted file "C:/intelFPGA_lite/18.1/miniproject_1024/fft/synthesis/submodules/counter_module.sv" is not available
Error (204012): Can't generate netlist output files because the file "C:/intelFPGA_lite/18.1/miniproject_1024/fft/synthesis/submodules/altera_fft_dual_port_ram.vhd" is an OpenCore Plus time-limited file. Remove the unlicensed cores or obtain a license for those OpenCore Plus time-limited IP cores used in the design. The Intel FPGA Knowledge Database contains many articles with specific details on how to resolve this error. Visit the Knowledge Database at https://www.altera.com/support/support-resources/knowledge-base/search.html and search for this specific error message number.
Error (204012): Can't generate netlist output files because the file "C:/intelFPGA_lite/18.1/miniproject_1024/fft/synthesis/submodules/auk_dspip_r22sdf_bf_control.vhd" is an OpenCore Plus time-limited file. Remove the unlicensed cores or obtain a license for those OpenCore Plus time-limited IP cores used in the design. The Intel FPGA Knowledge Database contains many articles with specific details on how to resolve this error. Visit the Knowledge Database at https://www.altera.com/support/support-resources/knowledge-base/search.html and search for this specific error message number.
Error (204012): Can't generate netlist output files because the file "C:/intelFPGA_lite/18.1/miniproject_1024/fft/synthesis/submodules/auk_dspip_bit_reverse_reverse_carry_adder.vhd" is an OpenCore Plus time-limited file. Remove the unlicensed cores or obtain a license for those OpenCore Plus time-limited IP cores used in the design. The Intel FPGA Knowledge Database contains many articles with specific details on how to resolve this error. Visit the Knowledge Database at https://www.altera.com/support/support-resources/knowledge-base/search.html and search for this specific error message number.
Error (204012): Can't generate netlist output files because the file "C:/intelFPGA_lite/18.1/miniproject_1024/fft/synthesis/submodules/auk_dspip_r22sdf_cma.vhd" is an OpenCore Plus time-limited file. Remove the unlicensed cores or obtain a license for those OpenCore Plus time-limited IP cores used in the design. The Intel FPGA Knowledge Database contains many articles with specific details on how to resolve this error. Visit the Knowledge Database at https://www.altera.com/support/support-resources/knowledge-base/search.html and search for this specific error message number.
Error (204012): Can't generate netlist output files because the file "C:/intelFPGA_lite/18.1/miniproject_1024/fft/synthesis/submodules/auk_dspip_r22sdf_bfi.vhd" is an OpenCore Plus time-limited file. Remove the unlicensed cores or obtain a license for those OpenCore Plus time-limited IP cores used in the design. The Intel FPGA Knowledge Database contains many articles with specific details on how to resolve this error. Visit the Knowledge Database at https://www.altera.com/support/support-resources/knowledge-base/search.html and search for this specific error message number.
Error (204012): Can't generate netlist output files because the file "C:/intelFPGA_lite/18.1/miniproject_1024/fft/synthesis/submodules/auk_dspip_bit_reverse_core.vhd" is an OpenCore Plus time-limited file. Remove the unlicensed cores or obtain a license for those OpenCore Plus time-limited IP cores used in the design. The Intel FPGA Knowledge Database contains many articles with specific details on how to resolve this error. Visit the Knowledge Database at https://www.altera.com/support/support-resources/knowledge-base/search.html and search for this specific error message number.
Error (204012): Can't generate netlist output files because the file "C:/intelFPGA_lite/18.1/miniproject_1024/fft/synthesis/submodules/auk_dspip_r22sdf_counter.vhd" is an OpenCore Plus time-limited file. Remove the unlicensed cores or obtain a license for those OpenCore Plus time-limited IP cores used in the design. The Intel FPGA Knowledge Database contains many articles with specific details on how to resolve this error. Visit the Knowledge Database at https://www.altera.com/support/support-resources/knowledge-base/search.html and search for this specific error message number.
Error (204012): Can't generate netlist output files because the file "C:/intelFPGA_lite/18.1/miniproject_1024/fft/synthesis/submodules/auk_dspip_r22sdf_addsub.vhd" is an OpenCore Plus time-limited file. Remove the unlicensed cores or obtain a license for those OpenCore Plus time-limited IP cores used in the design. The Intel FPGA Knowledge Database contains many articles with specific details on how to resolve this error. Visit the Knowledge Database at https://www.altera.com/support/support-resources/knowledge-base/search.html and search for this specific error message number.
Error (204012): Can't generate netlist output files because the file "C:/intelFPGA_lite/18.1/miniproject_1024/fft/synthesis/submodules/altera_fft_mult_add.vhd" is an OpenCore Plus time-limited file. Remove the unlicensed cores or obtain a license for those OpenCore Plus time-limited IP cores used in the design. The Intel FPGA Knowledge Database contains many articles with specific details on how to resolve this error. Visit the Knowledge Database at https://www.altera.com/support/support-resources/knowledge-base/search.html and search for this specific error message number.
Error (204012): Can't generate netlist output files because the file "C:/intelFPGA_lite/18.1/miniproject_1024/fft/synthesis/submodules/auk_dspip_r22sdf_bfii.vhd" is an OpenCore Plus time-limited file. Remove the unlicensed cores or obtain a license for those OpenCore Plus time-limited IP cores used in the design. The Intel FPGA Knowledge Database contains many articles with specific details on how to resolve this error. Visit the Knowledge Database at https://www.altera.com/support/support-resources/knowledge-base/search.html and search for this specific error message number.
Error (204012): Can't generate netlist output files because the file "C:/intelFPGA_lite/18.1/miniproject_1024/fft/synthesis/submodules/hyper_opt_OFF_pkg.vhd" is an OpenCore Plus time-limited file. Remove the unlicensed cores or obtain a license for those OpenCore Plus time-limited IP cores used in the design. The Intel FPGA Knowledge Database contains many articles with specific details on how to resolve this error. Visit the Knowledge Database at https://www.altera.com/support/support-resources/knowledge-base/search.html and search for this specific error message number.
Error (204012): Can't generate netlist output files because the file "C:/intelFPGA_lite/18.1/miniproject_1024/fft/synthesis/submodules/auk_dspip_avalon_streaming_block_sink.vhd" is an OpenCore Plus time-limited file. Remove the unlicensed cores or obtain a license for those OpenCore Plus time-limited IP cores used in the design. The Intel FPGA Knowledge Database contains many articles with specific details on how to resolve this error. Visit the Knowledge Database at https://www.altera.com/support/support-resources/knowledge-base/search.html and search for this specific error message number.
Error (204012): Can't generate netlist output files because the file "C:/intelFPGA_lite/18.1/miniproject_1024/fft/synthesis/submodules/auk_dspip_r22sdf_core.vhd" is an OpenCore Plus time-limited file. Remove the unlicensed cores or obtain a license for those OpenCore Plus time-limited IP cores used in the design. The Intel FPGA Knowledge Database contains many articles with specific details on how to resolve this error. Visit the Knowledge Database at https://www.altera.com/support/support-resources/knowledge-base/search.html and search for this specific error message number.
Error (204012): Can't generate netlist output files because the file "C:/intelFPGA_lite/18.1/miniproject_1024/fft/synthesis/submodules/auk_dspip_r22sdf_enable_control.vhd" is an OpenCore Plus time-limited file. Remove the unlicensed cores or obtain a license for those OpenCore Plus time-limited IP cores used in the design. The Intel FPGA Knowledge Database contains many articles with specific details on how to resolve this error. Visit the Knowledge Database at https://www.altera.com/support/support-resources/knowledge-base/search.html and search for this specific error message number.
Error (204012): Can't generate netlist output files because the file "C:/intelFPGA_lite/18.1/miniproject_1024/fft/synthesis/submodules/auk_dspip_bit_reverse_addr_control.vhd" is an OpenCore Plus time-limited file. Remove the unlicensed cores or obtain a license for those OpenCore Plus time-limited IP cores used in the design. The Intel FPGA Knowledge Database contains many articles with specific details on how to resolve this error. Visit the Knowledge Database at https://www.altera.com/support/support-resources/knowledge-base/search.html and search for this specific error message number.
Error (204012): Can't generate netlist output files because the file "C:/intelFPGA_lite/18.1/miniproject_1024/fft/synthesis/submodules/auk_dspip_r22sdf_delay.vhd" is an OpenCore Plus time-limited file. Remove the unlicensed cores or obtain a license for those OpenCore Plus time-limited IP cores used in the design. The Intel FPGA Knowledge Database contains many articles with specific details on how to resolve this error. Visit the Knowledge Database at https://www.altera.com/support/support-resources/knowledge-base/search.html and search for this specific error message number.
Error (204012): Can't generate netlist output files because the file "C:/intelFPGA_lite/18.1/miniproject_1024/fft/synthesis/submodules/auk_dspip_r22sdf_twrom.vhd" is an OpenCore Plus time-limited file. Remove the unlicensed cores or obtain a license for those OpenCore Plus time-limited IP cores used in the design. The Intel FPGA Knowledge Database contains many articles with specific details on how to resolve this error. Visit the Knowledge Database at https://www.altera.com/support/support-resources/knowledge-base/search.html and search for this specific error message number.
Error (204012): Can't generate netlist output files because the file "C:/intelFPGA_lite/18.1/miniproject_1024/fft/synthesis/submodules/auk_dspip_r22sdf_top.vhd" is an OpenCore Plus time-limited file. Remove the unlicensed cores or obtain a license for those OpenCore Plus time-limited IP cores used in the design. The Intel FPGA Knowledge Database contains many articles with specific details on how to resolve this error. Visit the Knowledge Database at https://www.altera.com/support/support-resources/knowledge-base/search.html and search for this specific error message number.
Error (204012): Can't generate netlist output files because the file "C:/intelFPGA_lite/18.1/miniproject_1024/fft/synthesis/submodules/auk_dspip_r22sdf_stg_pipe.vhd" is an OpenCore Plus time-limited file. Remove the unlicensed cores or obtain a license for those OpenCore Plus time-limited IP cores used in the design. The Intel FPGA Knowledge Database contains many articles with specific details on how to resolve this error. Visit the Knowledge Database at https://www.altera.com/support/support-resources/knowledge-base/search.html and search for this specific error message number.
Error (204012): Can't generate netlist output files because the file "C:/intelFPGA_lite/18.1/miniproject_1024/fft/synthesis/submodules/auk_dspip_r22sdf_stage.vhd" is an OpenCore Plus time-limited file. Remove the unlicensed cores or obtain a license for those OpenCore Plus time-limited IP cores used in the design. The Intel FPGA Knowledge Database contains many articles with specific details on how to resolve this error. Visit the Knowledge Database at https://www.altera.com/support/support-resources/knowledge-base/search.html and search for this specific error message number.
Error (204012): Can't generate netlist output files because the file "C:/intelFPGA_lite/18.1/miniproject_1024/fft/synthesis/submodules/auk_dspip_avalon_streaming_block_source.vhd" is an OpenCore Plus time-limited file. Remove the unlicensed cores or obtain a license for those OpenCore Plus time-limited IP cores used in the design. The Intel FPGA Knowledge Database contains many articles with specific details on how to resolve this error. Visit the Knowledge Database at https://www.altera.com/support/support-resources/knowledge-base/search.html and search for this specific error message number.
Error (204012): Can't generate netlist output files because the file "C:/intelFPGA_lite/18.1/miniproject_1024/fft/synthesis/submodules/altera_fft_single_port_rom.vhd" is an OpenCore Plus time-limited file. Remove the unlicensed cores or obtain a license for those OpenCore Plus time-limited IP cores used in the design. The Intel FPGA Knowledge Database contains many articles with specific details on how to resolve this error. Visit the Knowledge Database at https://www.altera.com/support/support-resources/knowledge-base/search.html and search for this specific error message number.
Error (204012): Can't generate netlist output files because the file "C:/intelFPGA_lite/18.1/miniproject_1024/fft/synthesis/submodules/auk_dspip_r22sdf_lib_pkg.vhd" is an OpenCore Plus time-limited file. Remove the unlicensed cores or obtain a license for those OpenCore Plus time-limited IP cores used in the design. The Intel FPGA Knowledge Database contains many articles with specific details on how to resolve this error. Visit the Knowledge Database at https://www.altera.com/support/support-resources/knowledge-base/search.html and search for this specific error message number.
Error (204012): Can't generate netlist output files because the file "C:/intelFPGA_lite/18.1/miniproject_1024/fft/synthesis/submodules/counter_module.sv" is an OpenCore Plus time-limited file. Remove the unlicensed cores or obtain a license for those OpenCore Plus time-limited IP cores used in the design. The Intel FPGA Knowledge Database contains many articles with specific details on how to resolve this error. Visit the Knowledge Database at https://www.altera.com/support/support-resources/knowledge-base/search.html and search for this specific error message number.
Error (204009): Can't generate netlist output files because the license for encrypted file "C:/intelFPGA_lite/18.1/miniproject_1024/fft/synthesis/submodules/altera_fft_dual_port_ram.vhd" is not available
Error (204009): Can't generate netlist output files because the license for encrypted file "C:/intelFPGA_lite/18.1/miniproject_1024/fft/synthesis/submodules/auk_dspip_r22sdf_bf_control.vhd" is not available
Error (204009): Can't generate netlist output files because the license for encrypted file "C:/intelFPGA_lite/18.1/miniproject_1024/fft/synthesis/submodules/auk_dspip_bit_reverse_reverse_carry_adder.vhd" is not available
Error (204009): Can't generate netlist output files because the license for encrypted file "C:/intelFPGA_lite/18.1/miniproject_1024/fft/synthesis/submodules/auk_dspip_r22sdf_cma.vhd" is not available
Error (204009): Can't generate netlist output files because the license for encrypted file "C:/intelFPGA_lite/18.1/miniproject_1024/fft/synthesis/submodules/auk_dspip_r22sdf_bfi.vhd" is not available
Error (204009): Can't generate netlist output files because the license for encrypted file "C:/intelFPGA_lite/18.1/miniproject_1024/fft/synthesis/submodules/auk_dspip_bit_reverse_core.vhd" is not available
Error (204009): Can't generate netlist output files because the license for encrypted file "C:/intelFPGA_lite/18.1/miniproject_1024/fft/synthesis/submodules/auk_dspip_r22sdf_counter.vhd" is not available
Error (204009): Can't generate netlist output files because the license for encrypted file "C:/intelFPGA_lite/18.1/miniproject_1024/fft/synthesis/submodules/auk_dspip_r22sdf_addsub.vhd" is not available
Error (204009): Can't generate netlist output files because the license for encrypted file "C:/intelFPGA_lite/18.1/miniproject_1024/fft/synthesis/submodules/altera_fft_mult_add.vhd" is not available
Error (204009): Can't generate netlist output files because the license for encrypted file "C:/intelFPGA_lite/18.1/miniproject_1024/fft/synthesis/submodules/auk_dspip_r22sdf_bfii.vhd" is not available
Error (204009): Can't generate netlist output files because the license for encrypted file "C:/intelFPGA_lite/18.1/miniproject_1024/fft/synthesis/submodules/hyper_opt_OFF_pkg.vhd" is not available
Error (204009): Can't generate netlist output files because the license for encrypted file "C:/intelFPGA_lite/18.1/miniproject_1024/fft/synthesis/submodules/auk_dspip_avalon_streaming_block_sink.vhd" is not available
Error (204009): Can't generate netlist output files because the license for encrypted file "C:/intelFPGA_lite/18.1/miniproject_1024/fft/synthesis/submodules/auk_dspip_r22sdf_core.vhd" is not available
Error (204009): Can't generate netlist output files because the license for encrypted file "C:/intelFPGA_lite/18.1/miniproject_1024/fft/synthesis/submodules/auk_dspip_r22sdf_enable_control.vhd" is not available
Error (204009): Can't generate netlist output files because the license for encrypted file "C:/intelFPGA_lite/18.1/miniproject_1024/fft/synthesis/submodules/auk_dspip_bit_reverse_addr_control.vhd" is not available
Error (204009): Can't generate netlist output files because the license for encrypted file "C:/intelFPGA_lite/18.1/miniproject_1024/fft/synthesis/submodules/auk_dspip_r22sdf_delay.vhd" is not available
Error (204009): Can't generate netlist output files because the license for encrypted file "C:/intelFPGA_lite/18.1/miniproject_1024/fft/synthesis/submodules/auk_dspip_r22sdf_twrom.vhd" is not available
Error (204009): Can't generate netlist output files because the license for encrypted file "C:/intelFPGA_lite/18.1/miniproject_1024/fft/synthesis/submodules/auk_dspip_r22sdf_top.vhd" is not available
Error (204009): Can't generate netlist output files because the license for encrypted file "C:/intelFPGA_lite/18.1/miniproject_1024/fft/synthesis/submodules/auk_dspip_r22sdf_stg_pipe.vhd" is not available
Error (204009): Can't generate netlist output files because the license for encrypted file "C:/intelFPGA_lite/18.1/miniproject_1024/fft/synthesis/submodules/auk_dspip_r22sdf_stage.vhd" is not available
Error (204009): Can't generate netlist output files because the license for encrypted file "C:/intelFPGA_lite/18.1/miniproject_1024/fft/synthesis/submodules/auk_dspip_avalon_streaming_block_source.vhd" is not available
Error (204009): Can't generate netlist output files because the license for encrypted file "C:/intelFPGA_lite/18.1/miniproject_1024/fft/synthesis/submodules/altera_fft_single_port_rom.vhd" is not available
Error (204009): Can't generate netlist output files because the license for encrypted file "C:/intelFPGA_lite/18.1/miniproject_1024/fft/synthesis/submodules/auk_dspip_r22sdf_lib_pkg.vhd" is not available
Error (204009): Can't generate netlist output files because the license for encrypted file "C:/intelFPGA_lite/18.1/miniproject_1024/fft/synthesis/submodules/counter_module.sv" is not available
Error (204012): Can't generate netlist output files because the file "C:/intelFPGA_lite/18.1/miniproject_1024/fft/synthesis/submodules/altera_fft_dual_port_ram.vhd" is an OpenCore Plus time-limited file. Remove the unlicensed cores or obtain a license for those OpenCore Plus time-limited IP cores used in the design. The Intel FPGA Knowledge Database contains many articles with specific details on how to resolve this error. Visit the Knowledge Database at https://www.altera.com/support/support-resources/knowledge-base/search.html and search for this specific error message number.
Error (204012): Can't generate netlist output files because the file "C:/intelFPGA_lite/18.1/miniproject_1024/fft/synthesis/submodules/auk_dspip_r22sdf_bf_control.vhd" is an OpenCore Plus time-limited file. Remove the unlicensed cores or obtain a license for those OpenCore Plus time-limited IP cores used in the design. The Intel FPGA Knowledge Database contains many articles with specific details on how to resolve this error. Visit the Knowledge Database at https://www.altera.com/support/support-resources/knowledge-base/search.html and search for this specific error message number.
Error (204012): Can't generate netlist output files because the file "C:/intelFPGA_lite/18.1/miniproject_1024/fft/synthesis/submodules/auk_dspip_bit_reverse_reverse_carry_adder.vhd" is an OpenCore Plus time-limited file. Remove the unlicensed cores or obtain a license for those OpenCore Plus time-limited IP cores used in the design. The Intel FPGA Knowledge Database contains many articles with specific details on how to resolve this error. Visit the Knowledge Database at https://www.altera.com/support/support-resources/knowledge-base/search.html and search for this specific error message number.
Error (204012): Can't generate netlist output files because the file "C:/intelFPGA_lite/18.1/miniproject_1024/fft/synthesis/submodules/auk_dspip_r22sdf_cma.vhd" is an OpenCore Plus time-limited file. Remove the unlicensed cores or obtain a license for those OpenCore Plus time-limited IP cores used in the design. The Intel FPGA Knowledge Database contains many articles with specific details on how to resolve this error. Visit the Knowledge Database at https://www.altera.com/support/support-resources/knowledge-base/search.html and search for this specific error message number.
Error (204012): Can't generate netlist output files because the file "C:/intelFPGA_lite/18.1/miniproject_1024/fft/synthesis/submodules/auk_dspip_r22sdf_bfi.vhd" is an OpenCore Plus time-limited file. Remove the unlicensed cores or obtain a license for those OpenCore Plus time-limited IP cores used in the design. The Intel FPGA Knowledge Database contains many articles with specific details on how to resolve this error. Visit the Knowledge Database at https://www.altera.com/support/support-resources/knowledge-base/search.html and search for this specific error message number.
Error (204012): Can't generate netlist output files because the file "C:/intelFPGA_lite/18.1/miniproject_1024/fft/synthesis/submodules/auk_dspip_bit_reverse_core.vhd" is an OpenCore Plus time-limited file. Remove the unlicensed cores or obtain a license for those OpenCore Plus time-limited IP cores used in the design. The Intel FPGA Knowledge Database contains many articles with specific details on how to resolve this error. Visit the Knowledge Database at https://www.altera.com/support/support-resources/knowledge-base/search.html and search for this specific error message number.
Error (204012): Can't generate netlist output files because the file "C:/intelFPGA_lite/18.1/miniproject_1024/fft/synthesis/submodules/auk_dspip_r22sdf_counter.vhd" is an OpenCore Plus time-limited file. Remove the unlicensed cores or obtain a license for those OpenCore Plus time-limited IP cores used in the design. The Intel FPGA Knowledge Database contains many articles with specific details on how to resolve this error. Visit the Knowledge Database at https://www.altera.com/support/support-resources/knowledge-base/search.html and search for this specific error message number.
Error (204012): Can't generate netlist output files because the file "C:/intelFPGA_lite/18.1/miniproject_1024/fft/synthesis/submodules/auk_dspip_r22sdf_addsub.vhd" is an OpenCore Plus time-limited file. Remove the unlicensed cores or obtain a license for those OpenCore Plus time-limited IP cores used in the design. The Intel FPGA Knowledge Database contains many articles with specific details on how to resolve this error. Visit the Knowledge Database at https://www.altera.com/support/support-resources/knowledge-base/search.html and search for this specific error message number.
Error (204012): Can't generate netlist output files because the file "C:/intelFPGA_lite/18.1/miniproject_1024/fft/synthesis/submodules/altera_fft_mult_add.vhd" is an OpenCore Plus time-limited file. Remove the unlicensed cores or obtain a license for those OpenCore Plus time-limited IP cores used in the design. The Intel FPGA Knowledge Database contains many articles with specific details on how to resolve this error. Visit the Knowledge Database at https://www.altera.com/support/support-resources/knowledge-base/search.html and search for this specific error message number.
Error (204012): Can't generate netlist output files because the file "C:/intelFPGA_lite/18.1/miniproject_1024/fft/synthesis/submodules/auk_dspip_r22sdf_bfii.vhd" is an OpenCore Plus time-limited file. Remove the unlicensed cores or obtain a license for those OpenCore Plus time-limited IP cores used in the design. The Intel FPGA Knowledge Database contains many articles with specific details on how to resolve this error. Visit the Knowledge Database at https://www.altera.com/support/support-resources/knowledge-base/search.html and search for this specific error message number.
Error (204012): Can't generate netlist output files because the file "C:/intelFPGA_lite/18.1/miniproject_1024/fft/synthesis/submodules/hyper_opt_OFF_pkg.vhd" is an OpenCore Plus time-limited file. Remove the unlicensed cores or obtain a license for those OpenCore Plus time-limited IP cores used in the design. The Intel FPGA Knowledge Database contains many articles with specific details on how to resolve this error. Visit the Knowledge Database at https://www.altera.com/support/support-resources/knowledge-base/search.html and search for this specific error message number.
Error (204012): Can't generate netlist output files because the file "C:/intelFPGA_lite/18.1/miniproject_1024/fft/synthesis/submodules/auk_dspip_avalon_streaming_block_sink.vhd" is an OpenCore Plus time-limited file. Remove the unlicensed cores or obtain a license for those OpenCore Plus time-limited IP cores used in the design. The Intel FPGA Knowledge Database contains many articles with specific details on how to resolve this error. Visit the Knowledge Database at https://www.altera.com/support/support-resources/knowledge-base/search.html and search for this specific error message number.
Error (204012): Can't generate netlist output files because the file "C:/intelFPGA_lite/18.1/miniproject_1024/fft/synthesis/submodules/auk_dspip_r22sdf_core.vhd" is an OpenCore Plus time-limited file. Remove the unlicensed cores or obtain a license for those OpenCore Plus time-limited IP cores used in the design. The Intel FPGA Knowledge Database contains many articles with specific details on how to resolve this error. Visit the Knowledge Database at https://www.altera.com/support/support-resources/knowledge-base/search.html and search for this specific error message number.
Error (204012): Can't generate netlist output files because the file "C:/intelFPGA_lite/18.1/miniproject_1024/fft/synthesis/submodules/auk_dspip_r22sdf_enable_control.vhd" is an OpenCore Plus time-limited file. Remove the unlicensed cores or obtain a license for those OpenCore Plus time-limited IP cores used in the design. The Intel FPGA Knowledge Database contains many articles with specific details on how to resolve this error. Visit the Knowledge Database at https://www.altera.com/support/support-resources/knowledge-base/search.html and search for this specific error message number.
Error (204012): Can't generate netlist output files because the file "C:/intelFPGA_lite/18.1/miniproject_1024/fft/synthesis/submodules/auk_dspip_bit_reverse_addr_control.vhd" is an OpenCore Plus time-limited file. Remove the unlicensed cores or obtain a license for those OpenCore Plus time-limited IP cores used in the design. The Intel FPGA Knowledge Database contains many articles with specific details on how to resolve this error. Visit the Knowledge Database at https://www.altera.com/support/support-resources/knowledge-base/search.html and search for this specific error message number.
Error (204012): Can't generate netlist output files because the file "C:/intelFPGA_lite/18.1/miniproject_1024/fft/synthesis/submodules/auk_dspip_r22sdf_delay.vhd" is an OpenCore Plus time-limited file. Remove the unlicensed cores or obtain a license for those OpenCore Plus time-limited IP cores used in the design. The Intel FPGA Knowledge Database contains many articles with specific details on how to resolve this error. Visit the Knowledge Database at https://www.altera.com/support/support-resources/knowledge-base/search.html and search for this specific error message number.
Error (204012): Can't generate netlist output files because the file "C:/intelFPGA_lite/18.1/miniproject_1024/fft/synthesis/submodules/auk_dspip_r22sdf_twrom.vhd" is an OpenCore Plus time-limited file. Remove the unlicensed cores or obtain a license for those OpenCore Plus time-limited IP cores used in the design. The Intel FPGA Knowledge Database contains many articles with specific details on how to resolve this error. Visit the Knowledge Database at https://www.altera.com/support/support-resources/knowledge-base/search.html and search for this specific error message number.
Error (204012): Can't generate netlist output files because the file "C:/intelFPGA_lite/18.1/miniproject_1024/fft/synthesis/submodules/auk_dspip_r22sdf_top.vhd" is an OpenCore Plus time-limited file. Remove the unlicensed cores or obtain a license for those OpenCore Plus time-limited IP cores used in the design. The Intel FPGA Knowledge Database contains many articles with specific details on how to resolve this error. Visit the Knowledge Database at https://www.altera.com/support/support-resources/knowledge-base/search.html and search for this specific error message number.
Error (204012): Can't generate netlist output files because the file "C:/intelFPGA_lite/18.1/miniproject_1024/fft/synthesis/submodules/auk_dspip_r22sdf_stg_pipe.vhd" is an OpenCore Plus time-limited file. Remove the unlicensed cores or obtain a license for those OpenCore Plus time-limited IP cores used in the design. The Intel FPGA Knowledge Database contains many articles with specific details on how to resolve this error. Visit the Knowledge Database at https://www.altera.com/support/support-resources/knowledge-base/search.html and search for this specific error message number.
Error (204012): Can't generate netlist output files because the file "C:/intelFPGA_lite/18.1/miniproject_1024/fft/synthesis/submodules/auk_dspip_r22sdf_stage.vhd" is an OpenCore Plus time-limited file. Remove the unlicensed cores or obtain a license for those OpenCore Plus time-limited IP cores used in the design. The Intel FPGA Knowledge Database contains many articles with specific details on how to resolve this error. Visit the Knowledge Database at https://www.altera.com/support/support-resources/knowledge-base/search.html and search for this specific error message number.
Error (204012): Can't generate netlist output files because the file "C:/intelFPGA_lite/18.1/miniproject_1024/fft/synthesis/submodules/auk_dspip_avalon_streaming_block_source.vhd" is an OpenCore Plus time-limited file. Remove the unlicensed cores or obtain a license for those OpenCore Plus time-limited IP cores used in the design. The Intel FPGA Knowledge Database contains many articles with specific details on how to resolve this error. Visit the Knowledge Database at https://www.altera.com/support/support-resources/knowledge-base/search.html and search for this specific error message number.
Error (204012): Can't generate netlist output files because the file "C:/intelFPGA_lite/18.1/miniproject_1024/fft/synthesis/submodules/altera_fft_single_port_rom.vhd" is an OpenCore Plus time-limited file. Remove the unlicensed cores or obtain a license for those OpenCore Plus time-limited IP cores used in the design. The Intel FPGA Knowledge Database contains many articles with specific details on how to resolve this error. Visit the Knowledge Database at https://www.altera.com/support/support-resources/knowledge-base/search.html and search for this specific error message number.
Error (204012): Can't generate netlist output files because the file "C:/intelFPGA_lite/18.1/miniproject_1024/fft/synthesis/submodules/auk_dspip_r22sdf_lib_pkg.vhd" is an OpenCore Plus time-limited file. Remove the unlicensed cores or obtain a license for those OpenCore Plus time-limited IP cores used in the design. The Intel FPGA Knowledge Database contains many articles with specific details on how to resolve this error. Visit the Knowledge Database at https://www.altera.com/support/support-resources/knowledge-base/search.html and search for this specific error message number.
Error (204012): Can't generate netlist output files because the file "C:/intelFPGA_lite/18.1/miniproject_1024/fft/synthesis/submodules/counter_module.sv" is an OpenCore Plus time-limited file. Remove the unlicensed cores or obtain a license for those OpenCore Plus time-limited IP cores used in the design. The Intel FPGA Knowledge Database contains many articles with specific details on how to resolve this error. Visit the Knowledge Database at https://www.altera.com/support/support-resources/knowledge-base/search.html and search for this specific error message number.
Error (204009): Can't generate netlist output files because the license for encrypted file "C:/intelFPGA_lite/18.1/miniproject_1024/fft/synthesis/submodules/altera_fft_dual_port_ram.vhd" is not available
Error (204009): Can't generate netlist output files because the license for encrypted file "C:/intelFPGA_lite/18.1/miniproject_1024/fft/synthesis/submodules/auk_dspip_r22sdf_bf_control.vhd" is not available
Error (204009): Can't generate netlist output files because the license for encrypted file "C:/intelFPGA_lite/18.1/miniproject_1024/fft/synthesis/submodules/auk_dspip_bit_reverse_reverse_carry_adder.vhd" is not available
Error (204009): Can't generate netlist output files because the license for encrypted file "C:/intelFPGA_lite/18.1/miniproject_1024/fft/synthesis/submodules/auk_dspip_r22sdf_cma.vhd" is not available
Error (204009): Can't generate netlist output files because the license for encrypted file "C:/intelFPGA_lite/18.1/miniproject_1024/fft/synthesis/submodules/auk_dspip_r22sdf_bfi.vhd" is not available
Error (204009): Can't generate netlist output files because the license for encrypted file "C:/intelFPGA_lite/18.1/miniproject_1024/fft/synthesis/submodules/auk_dspip_bit_reverse_core.vhd" is not available
Error (204009): Can't generate netlist output files because the license for encrypted file "C:/intelFPGA_lite/18.1/miniproject_1024/fft/synthesis/submodules/auk_dspip_r22sdf_counter.vhd" is not available
Error (204009): Can't generate netlist output files because the license for encrypted file "C:/intelFPGA_lite/18.1/miniproject_1024/fft/synthesis/submodules/auk_dspip_r22sdf_addsub.vhd" is not available
Error (204009): Can't generate netlist output files because the license for encrypted file "C:/intelFPGA_lite/18.1/miniproject_1024/fft/synthesis/submodules/altera_fft_mult_add.vhd" is not available
Error (204009): Can't generate netlist output files because the license for encrypted file "C:/intelFPGA_lite/18.1/miniproject_1024/fft/synthesis/submodules/auk_dspip_r22sdf_bfii.vhd" is not available
Error (204009): Can't generate netlist output files because the license for encrypted file "C:/intelFPGA_lite/18.1/miniproject_1024/fft/synthesis/submodules/hyper_opt_OFF_pkg.vhd" is not available
Error (204009): Can't generate netlist output files because the license for encrypted file "C:/intelFPGA_lite/18.1/miniproject_1024/fft/synthesis/submodules/auk_dspip_avalon_streaming_block_sink.vhd" is not available
Error (204009): Can't generate netlist output files because the license for encrypted file "C:/intelFPGA_lite/18.1/miniproject_1024/fft/synthesis/submodules/auk_dspip_r22sdf_core.vhd" is not available
Error (204009): Can't generate netlist output files because the license for encrypted file "C:/intelFPGA_lite/18.1/miniproject_1024/fft/synthesis/submodules/auk_dspip_r22sdf_enable_control.vhd" is not available
Error (204009): Can't generate netlist output files because the license for encrypted file "C:/intelFPGA_lite/18.1/miniproject_1024/fft/synthesis/submodules/auk_dspip_bit_reverse_addr_control.vhd" is not available
Error (204009): Can't generate netlist output files because the license for encrypted file "C:/intelFPGA_lite/18.1/miniproject_1024/fft/synthesis/submodules/auk_dspip_r22sdf_delay.vhd" is not available
Error (204009): Can't generate netlist output files because the license for encrypted file "C:/intelFPGA_lite/18.1/miniproject_1024/fft/synthesis/submodules/auk_dspip_r22sdf_twrom.vhd" is not available
Error (204009): Can't generate netlist output files because the license for encrypted file "C:/intelFPGA_lite/18.1/miniproject_1024/fft/synthesis/submodules/auk_dspip_r22sdf_top.vhd" is not available
Error (204009): Can't generate netlist output files because the license for encrypted file "C:/intelFPGA_lite/18.1/miniproject_1024/fft/synthesis/submodules/auk_dspip_r22sdf_stg_pipe.vhd" is not available
Error (204009): Can't generate netlist output files because the license for encrypted file "C:/intelFPGA_lite/18.1/miniproject_1024/fft/synthesis/submodules/auk_dspip_r22sdf_stage.vhd" is not available
Error (204009): Can't generate netlist output files because the license for encrypted file "C:/intelFPGA_lite/18.1/miniproject_1024/fft/synthesis/submodules/auk_dspip_avalon_streaming_block_source.vhd" is not available
Error (204009): Can't generate netlist output files because the license for encrypted file "C:/intelFPGA_lite/18.1/miniproject_1024/fft/synthesis/submodules/altera_fft_single_port_rom.vhd" is not available
Error (204009): Can't generate netlist output files because the license for encrypted file "C:/intelFPGA_lite/18.1/miniproject_1024/fft/synthesis/submodules/auk_dspip_r22sdf_lib_pkg.vhd" is not available
Error (204009): Can't generate netlist output files because the license for encrypted file "C:/intelFPGA_lite/18.1/miniproject_1024/fft/synthesis/submodules/counter_module.sv" is not available
Error: Quartus Prime EDA Netlist Writer was unsuccessful. 144 errors, 1 warning
    Error: Peak virtual memory: 4635 megabytes
    Error: Processing ended: Wed Sep 07 10:02:40 2022
    Error: Elapsed time: 00:00:05
    Error: Total CPU time (on all processors): 00:00:05


